GroupB/ExtraIntents2/app/build/intermediates/manifest_merge_blame_file/debug/manifest-merger-blame-debug-report.txt
1<?xml version="1.0" encoding="utf-8"?>
2<manifest xmlns:android="http://schemas.android.com/apk/res/android"
3    package="com.coreservlets.intentfilter2"
4    android:versionCode="1"
5    android:versionName="1.0" >
6
7    <uses-sdk
7-->src\main\AndroidManifest.xml:6:5-43
8        android:minSdkVersion="8"
8-->src\main\AndroidManifest.xml:6:15-40
9        android:targetSdkVersion="8" />
9-->src\main\AndroidManifest.xml:6:5-43
10
11    <application
11-->src\main\AndroidManifest.xml:8:5-17:19
12        android:debuggable="true"
13        android:icon="@drawable/icon"
13-->src\main\AndroidManifest.xml:8:18-47
14        android:label="@string/app_name"
14-->src\main\AndroidManifest.xml:8:48-80
15        android:testOnly="true" >
16        <activity
16-->src\main\AndroidManifest.xml:9:9-15:20
17            android:name="com.coreservlets.intentfilter2.IntentFilter2Activity"
17-->src\main\AndroidManifest.xml:9:19-56
18            android:label="@string/app_name" >
18-->src\main\AndroidManifest.xml:10:19-51
19            <intent-filter>
19-->src\main\AndroidManifest.xml:11:13-14:29
20                <action android:name="android.intent.action.MAIN" />
20-->src\main\AndroidManifest.xml:12:17-69
20-->src\main\AndroidManifest.xml:12:25-66
21
22                <category android:name="android.intent.category.LAUNCHER" />
22-->src\main\AndroidManifest.xml:13:17-77
22-->src\main\AndroidManifest.xml:13:27-74
23            </intent-filter>
24        </activity>
25    </application>
26
27</manifest>